<?xml version="1.0" encoding="UTF-8" ?>
<testsuite tests="4" failures="0" name="controllers.ApiControllerTest" time="8.627" errors="4" skipped="0">
  <properties>
[...]
</properties>
  <testcase classname="controllers.ApiControllerTest" name="testGetAndPostArticleViaXml" time="2.163">
    <error message="ninja.lifecycle.FailedStartException: org.flywaydb.core.internal.exception.FlywaySqlException: 
Unable to obtain connection from database (jdbc:mysql://localhost:8081/book_store) for user &apos;root&apos;: Communications link failure

The last packet sent successfully to the server was 0 milliseconds ago. The driver has not received any packets from the server.
-----------------------------------------------------------------------------------------------------------------------------------------------------------------------------------------------------------------------------------------------------------------
SQL State  : 08S01
Error Code : 0
Message    : Communications link failure

The last packet sent successfully to the server was 0 milliseconds ago. The driver has not received any packets from the server.
" type="java.lang.RuntimeException">java.lang.RuntimeException: ninja.lifecycle.FailedStartException: org.flywaydb.core.internal.exception.FlywaySqlException: 
Unable to obtain connection from database (jdbc:mysql://localhost:8081/book_store) for user &apos;root&apos;: Communications link failure

The last packet sent successfully to the server was 0 milliseconds ago. The driver has not received any packets from the server.
-----------------------------------------------------------------------------------------------------------------------------------------------------------------------------------------------------------------------------------------------------------------
SQL State  : 08S01
Error Code : 0
Message    : Communications link failure

The last packet sent successfully to the server was 0 milliseconds ago. The driver has not received any packets from the server.

	at ninja.utils.NinjaTestServer.&lt;init&gt;(NinjaTestServer.java:62)
	at ninja.utils.NinjaTestServer.&lt;init&gt;(NinjaTestServer.java:48)
	at ninja.utils.NinjaTestServer.&lt;init&gt;(NinjaTestServer.java:40)
	at ninja.utils.NinjaTestServer.&lt;init&gt;(NinjaTestServer.java:36)
	at ninja.NinjaTest.startupServerAndBrowser(NinjaTest.java:51)
	at sun.reflect.NativeMethodAccessorImpl.invoke0(Native Method)
	at sun.reflect.NativeMethodAccessorImpl.invoke(NativeMethodAccessorImpl.java:62)
	at sun.reflect.DelegatingMethodAccessorImpl.invoke(DelegatingMethodAccessorImpl.java:43)
	at java.lang.reflect.Method.invoke(Method.java:498)
	at org.junit.runners.model.FrameworkMethod$1.runReflectiveCall(FrameworkMethod.java:50)
	at org.junit.internal.runners.model.ReflectiveCallable.run(ReflectiveCallable.java:12)
	at org.junit.runners.model.FrameworkMethod.invokeExplosively(FrameworkMethod.java:47)
	at org.junit.internal.runners.statements.RunBefores.evaluate(RunBefores.java:24)
	at org.junit.internal.runners.statements.RunAfters.evaluate(RunAfters.java:27)
	at org.junit.runners.ParentRunner.runLeaf(ParentRunner.java:325)
	at org.junit.runners.BlockJUnit4ClassRunner.runChild(BlockJUnit4ClassRunner.java:78)
	at org.junit.runners.BlockJUnit4ClassRunner.runChild(BlockJUnit4ClassRunner.java:57)
	at org.junit.runners.ParentRunner$3.run(ParentRunner.java:290)
	at org.junit.runners.ParentRunner$1.schedule(ParentRunner.java:71)
	at org.junit.runners.ParentRunner.runChildren(ParentRunner.java:288)
	at org.junit.runners.ParentRunner.access$000(ParentRunner.java:58)
	at org.junit.runners.ParentRunner$2.evaluate(ParentRunner.java:268)
	at org.junit.runners.ParentRunner.run(ParentRunner.java:363)
	at org.apache.maven.surefire.junit4.JUnit4Provider.execute(JUnit4Provider.java:252)
	at org.apache.maven.surefire.junit4.JUnit4Provider.executeTestSet(JUnit4Provider.java:141)
	at org.apache.maven.surefire.junit4.JUnit4Provider.invoke(JUnit4Provider.java:112)
	at sun.reflect.NativeMethodAccessorImpl.invoke0(Native Method)
	at sun.reflect.NativeMethodAccessorImpl.invoke(NativeMethodAccessorImpl.java:62)
	at sun.reflect.DelegatingMethodAccessorImpl.invoke(DelegatingMethodAccessorImpl.java:43)
	at java.lang.reflect.Method.invoke(Method.java:498)
	at org.apache.maven.surefire.util.ReflectionUtils.invokeMethodWithArray(ReflectionUtils.java:189)
	at org.apache.maven.surefire.booter.ProviderFactory$ProviderProxy.invoke(ProviderFactory.java:165)
	at org.apache.maven.surefire.booter.ProviderFactory.invokeProvider(ProviderFactory.java:85)
	at org.apache.maven.surefire.booter.ForkedBooter.runSuitesInProcess(ForkedBooter.java:115)
	at org.apache.maven.surefire.booter.ForkedBooter.main(ForkedBooter.java:75)
Caused by: ninja.lifecycle.FailedStartException: org.flywaydb.core.internal.exception.FlywaySqlException: 
Unable to obtain connection from database (jdbc:mysql://localhost:8081/book_store) for user &apos;root&apos;: Communications link failure

The last packet sent successfully to the server was 0 milliseconds ago. The driver has not received any packets from the server.
-----------------------------------------------------------------------------------------------------------------------------------------------------------------------------------------------------------------------------------------------------------------
SQL State  : 08S01
Error Code : 0
Message    : Communications link failure

The last packet sent successfully to the server was 0 milliseconds ago. The driver has not received any packets from the server.

	at ninja.lifecycle.LifecycleRegister.invokeTarget(LifecycleRegister.java:103)
	at ninja.lifecycle.LifecycleRegister.start(LifecycleRegister.java:55)
	at ninja.lifecycle.LifecycleServiceImpl.start(LifecycleServiceImpl.java:84)
	at ninja.NinjaDefault.onFrameworkStart(NinjaDefault.java:151)
	at ninja.Bootstrap.boot(Bootstrap.java:119)
	at ninja.servlet.NinjaServletListener.createNinjaBootstrap(NinjaServletListener.java:152)
	at ninja.servlet.NinjaServletListener.getInjector(NinjaServletListener.java:123)
	at com.google.inject.servlet.GuiceServletContextListener.contextInitialized(GuiceServletContextListener.java:45)
	at ninja.servlet.NinjaServletListener.contextInitialized(NinjaServletListener.java:75)
	at org.eclipse.jetty.server.handler.ContextHandler.callContextInitialized(ContextHandler.java:957)
	at org.eclipse.jetty.servlet.ServletContextHandler.callContextInitialized(ServletContextHandler.java:553)
	at org.eclipse.jetty.server.handler.ContextHandler.startContext(ContextHandler.java:922)
	at org.eclipse.jetty.servlet.ServletContextHandler.startContext(ServletContextHandler.java:365)
	at org.eclipse.jetty.server.handler.ContextHandler.doStart(ContextHandler.java:852)
	at org.eclipse.jetty.servlet.ServletContextHandler.doStart(ServletContextHandler.java:278)
	at org.eclipse.jetty.util.component.AbstractLifeCycle.start(AbstractLifeCycle.java:68)
	at org.eclipse.jetty.util.component.ContainerLifeCycle.start(ContainerLifeCycle.java:167)
	at org.eclipse.jetty.server.Server.start(Server.java:418)
	at org.eclipse.jetty.util.component.ContainerLifeCycle.doStart(ContainerLifeCycle.java:110)
	at org.eclipse.jetty.server.handler.AbstractHandler.doStart(AbstractHandler.java:113)
	at org.eclipse.jetty.server.Server.doStart(Server.java:382)
	at org.eclipse.jetty.util.component.AbstractLifeCycle.start(AbstractLifeCycle.java:68)
	at ninja.standalone.NinjaJetty.doStart(NinjaJetty.java:167)
	at ninja.standalone.AbstractConsole.start(AbstractConsole.java:77)
	at ninja.standalone.AbstractConsole.start(AbstractConsole.java:31)
	at ninja.utils.NinjaTestServer.&lt;init&gt;(NinjaTestServer.java:60)
	... 34 more
Caused by: org.flywaydb.core.internal.exception.FlywaySqlException: 
Unable to obtain connection from database (jdbc:mysql://localhost:8081/book_store) for user &apos;root&apos;: Communications link failure

The last packet sent successfully to the server was 0 milliseconds ago. The driver has not received any packets from the server.
-----------------------------------------------------------------------------------------------------------------------------------------------------------------------------------------------------------------------------------------------------------------
SQL State  : 08S01
Error Code : 0
Message    : Communications link failure

The last packet sent successfully to the server was 0 milliseconds ago. The driver has not received any packets from the server.

	at org.flywaydb.core.internal.jdbc.JdbcUtils.openConnection(JdbcUtils.java:60)
	at org.flywaydb.core.internal.database.DatabaseFactory.createDatabase(DatabaseFactory.java:72)
	at org.flywaydb.core.Flyway.execute(Flyway.java:1670)
	at org.flywaydb.core.Flyway.clean(Flyway.java:1499)
	at ninja.migrations.flyway.MigrationEngineFlyway.migrate(MigrationEngineFlyway.java:54)
	at ninja.migrations.MigrationInitializer.start(MigrationInitializer.java:59)
	at sun.reflect.NativeMethodAccessorImpl.invoke0(Native Method)
	at sun.reflect.NativeMethodAccessorImpl.invoke(NativeMethodAccessorImpl.java:62)
	at sun.reflect.DelegatingMethodAccessorImpl.invoke(DelegatingMethodAccessorImpl.java:43)
	at java.lang.reflect.Method.invoke(Method.java:498)
	at ninja.lifecycle.LifecycleRegister.invokeTarget(LifecycleRegister.java:96)
	... 59 more
Caused by: com.mysql.cj.jdbc.exceptions.CommunicationsException: Communications link failure

The last packet sent successfully to the server was 0 milliseconds ago. The driver has not received any packets from the server.
	at com.mysql.cj.jdbc.exceptions.SQLError.createCommunicationsException(SQLError.java:174)
	at com.mysql.cj.jdbc.exceptions.SQLExceptionsMapping.translateException(SQLExceptionsMapping.java:64)
	at com.mysql.cj.jdbc.ConnectionImpl.createNewIO(ConnectionImpl.java:827)
	at com.mysql.cj.jdbc.ConnectionImpl.&lt;init&gt;(ConnectionImpl.java:447)
	at com.mysql.cj.jdbc.ConnectionImpl.getInstance(ConnectionImpl.java:237)
	at com.mysql.cj.jdbc.NonRegisteringDriver.connect(NonRegisteringDriver.java:199)
	at org.flywaydb.core.internal.jdbc.DriverDataSource.getConnectionFromDriver(DriverDataSource.java:433)
	at org.flywaydb.core.internal.jdbc.DriverDataSource.getConnection(DriverDataSource.java:399)
	at org.flywaydb.core.internal.jdbc.JdbcUtils.openConnection(JdbcUtils.java:56)
	... 69 more
Caused by: com.mysql.cj.exceptions.CJCommunicationsException: Communications link failure

The last packet sent successfully to the server was 0 milliseconds ago. The driver has not received any packets from the server.
	at sun.reflect.NativeConstructorAccessorImpl.newInstance0(Native Method)
	at sun.reflect.NativeConstructorAccessorImpl.newInstance(NativeConstructorAccessorImpl.java:62)
	at sun.reflect.DelegatingConstructorAccessorImpl.newInstance(DelegatingConstructorAccessorImpl.java:45)
	at java.lang.reflect.Constructor.newInstance(Constructor.java:423)
	at com.mysql.cj.exceptions.ExceptionFactory.createException(ExceptionFactory.java:61)
	at com.mysql.cj.exceptions.ExceptionFactory.createException(ExceptionFactory.java:105)
	at com.mysql.cj.exceptions.ExceptionFactory.createException(ExceptionFactory.java:151)
	at com.mysql.cj.exceptions.ExceptionFactory.createCommunicationsException(ExceptionFactory.java:167)
	at com.mysql.cj.protocol.a.NativeSocketConnection.connect(NativeSocketConnection.java:91)
	at com.mysql.cj.NativeSession.connect(NativeSession.java:150)
	at com.mysql.cj.jdbc.ConnectionImpl.connectOneTryOnly(ConnectionImpl.java:947)
	at com.mysql.cj.jdbc.ConnectionImpl.createNewIO(ConnectionImpl.java:817)
	... 75 more
Caused by: java.net.ConnectException: Connection refused: connect
	at java.net.DualStackPlainSocketImpl.connect0(Native Method)
	at java.net.DualStackPlainSocketImpl.socketConnect(DualStackPlainSocketImpl.java:79)
	at java.net.AbstractPlainSocketImpl.doConnect(AbstractPlainSocketImpl.java:350)
	at java.net.AbstractPlainSocketImpl.connectToAddress(AbstractPlainSocketImpl.java:206)
	at java.net.AbstractPlainSocketImpl.connect(AbstractPlainSocketImpl.java:188)
	at java.net.PlainSocketImpl.connect(PlainSocketImpl.java:172)
	at java.net.SocksSocketImpl.connect(SocksSocketImpl.java:392)
	at java.net.Socket.connect(Socket.java:589)
	at com.mysql.cj.protocol.StandardSocketFactory.connect(StandardSocketFactory.java:155)
	at com.mysql.cj.protocol.a.NativeSocketConnection.connect(NativeSocketConnection.java:65)
	... 78 more
</error>
    <system-out>21:17:53.549 [main] INFO  ninja.utils.NinjaModeHelper - Ninja is running in mode prod
21:17:53.558 [main] WARN  o.e.j.server.handler.ContextHandler - Empty contextPath
21:17:53.561 [main] INFO  ninja.standalone.NinjaJetty - Trying to start jetty v9.4.18.v20190429 on &lt;all&gt;:1000, 8443/ssl
21:17:53.561 [main] INFO  org.eclipse.jetty.server.Server - jetty-9.4.18.v20190429; built: 2019-04-29T20:42:08.989Z; git: e1bc35120a6617ee3df052294e433f3a25ce7097; jvm 1.8.0_181-b13
21:17:53.564 [main] INFO  ninja.servlet.NinjaServletListener - Using JSR-356 websocket container ServerContainer@64b0ec4a{STARTED}
21:17:53.564 [main] INFO  ninja.Bootstrap - Successfully configured Logback.
21:17:53.564 [main] INFO  ninja.Bootstrap - Enabling Ninja classic configuration
21:17:53.671 [main] INFO  ninja.utils.SwissKnife - Could not load file conf/messages_en.properties (not a bad thing necessarily, but I am returing null)
21:17:53.671 [main] INFO  ninja.i18n.MessagesImpl - Did not find conf/messages_en.properties but it was specified in application.conf. Using default language instead.
21:17:53.676 [main] INFO  n.template.TemplateEngineManagerImpl - -------------------------------------------------------------------
21:17:53.676 [main] INFO  n.template.TemplateEngineManagerImpl - Registered response template engines
21:17:53.676 [main] INFO  n.template.TemplateEngineManagerImpl - -------------------------------------------------------------------
21:17:53.676 [main] INFO  n.template.TemplateEngineManagerImpl - application/javascript  =&gt;  ninja.template.TemplateEngineJsonP
21:17:53.677 [main] INFO  n.template.TemplateEngineManagerImpl - application/json        =&gt;  ninja.template.TemplateEngineJson
21:17:53.677 [main] INFO  n.template.TemplateEngineManagerImpl - application/xml         =&gt;  ninja.template.TemplateEngineXml
21:17:53.677 [main] INFO  n.template.TemplateEngineManagerImpl - text/html               =&gt;  ninja.template.TemplateEngineFreemarker
21:17:53.677 [main] INFO  n.template.TemplateEngineManagerImpl - text/plain              =&gt;  ninja.template.TemplateEngineText
21:17:53.679 [main] INFO  n.b.BodyParserEngineManagerImpl - -------------------------------------------------------------------------------------
21:17:53.679 [main] INFO  n.b.BodyParserEngineManagerImpl - Registered request bodyparser engines
21:17:53.679 [main] INFO  n.b.BodyParserEngineManagerImpl - -------------------------------------------------------------------------------------
21:17:53.679 [main] INFO  n.b.BodyParserEngineManagerImpl - application/json                   =&gt;  ninja.bodyparser.BodyParserEngineJson
21:17:53.679 [main] INFO  n.b.BodyParserEngineManagerImpl - application/x-www-form-urlencoded  =&gt;  ninja.bodyparser.BodyParserEnginePost
21:17:53.679 [main] INFO  n.b.BodyParserEngineManagerImpl - application/xml                    =&gt;  ninja.bodyparser.BodyParserEngineXml
21:17:53.679 [main] INFO  n.b.BodyParserEngineManagerImpl - multipart/form-data                =&gt;  ninja.bodyparser.BodyParserEngineMultipartPost
21:17:53.680 [main] INFO  ninja.Bootstrap - Ninja injector started in 115 ms.
21:17:53.700 [main] INFO  ninja.RouterImpl - ---------------------------------------------------------------------------
21:17:53.701 [main] INFO  ninja.RouterImpl - Registered routes
21:17:53.701 [main] INFO  ninja.RouterImpl - ---------------------------------------------------------------------------
21:17:53.701 [main] INFO  ninja.RouterImpl - GET  /setup                             =&gt;  controllers.ApplicationController::setup
21:17:53.701 [main] INFO  ninja.RouterImpl - GET  /login                             =&gt;  controllers.LoginLogoutController::login
21:17:53.701 [main] INFO  ninja.RouterImpl - POST /login                             =&gt;  controllers.LoginLogoutController::loginPost
21:17:53.701 [main] INFO  ninja.RouterImpl - GET  /logout                            =&gt;  controllers.LoginLogoutController::logout
21:17:53.701 [main] INFO  ninja.RouterImpl - GET  /signup                            =&gt;  controllers.BookController::ssignup
21:17:53.701 [main] INFO  ninja.RouterImpl - POST /signup                            =&gt;  controllers.BookController::signupNew
21:17:53.701 [main] INFO  ninja.RouterImpl - GET  /article/new                       =&gt;  controllers.ArticleController::articleNew
21:17:53.701 [main] INFO  ninja.RouterImpl - POST /article/new                       =&gt;  controllers.BookController::bookNewPost
21:17:53.701 [main] INFO  ninja.RouterImpl - GET  /allbooks                          =&gt;  controllers.BookController::getbooksJson
21:17:53.701 [main] INFO  ninja.RouterImpl - GET  /upload                            =&gt;  controllers.BookController::upload
21:17:53.702 [main] INFO  ninja.RouterImpl - POST /upload                            =&gt;  controllers.BookController::uploadFinish
21:17:53.702 [main] INFO  ninja.RouterImpl - GET  /article/{id}                      =&gt;  controllers.BookController::bookShow
21:17:53.702 [main] INFO  ninja.RouterImpl - GET  /delete/{id}                       =&gt;  controllers.BookController::deleted
21:17:53.702 [main] INFO  ninja.RouterImpl - POST /update/{id}                       =&gt;  controllers.BookController::updatedbook
21:17:53.702 [main] INFO  ninja.RouterImpl - GET  /update/{id}                       =&gt;  controllers.BookController::update
21:17:53.702 [main] INFO  ninja.RouterImpl - GET  /api/{username}/articles.json      =&gt;  controllers.ApiController::getArticlesJson
21:17:53.702 [main] INFO  ninja.RouterImpl - GET  /api/{username}/article/{id}.json  =&gt;  controllers.ApiController::getArticleJson
21:17:53.702 [main] INFO  ninja.RouterImpl - GET  /api/{username}/articles.xml       =&gt;  controllers.ApiController::getArticlesXml
21:17:53.702 [main] INFO  ninja.RouterImpl - POST /api/{username}/article.json       =&gt;  controllers.ApiController::postArticleJson
21:17:53.702 [main] INFO  ninja.RouterImpl - POST /api/{username}/article.xml        =&gt;  controllers.ApiController::postArticleXml
21:17:53.702 [main] INFO  ninja.RouterImpl - GET  /assets/webjars/{fileName: .*}     =&gt;  ninja.AssetsController::serveWebJars
21:17:53.703 [main] INFO  ninja.RouterImpl - GET  /assets/{fileName: .*}             =&gt;  ninja.AssetsController::serveStatic
21:17:53.703 [main] INFO  ninja.RouterImpl - POST /assets/{fileName: .*}             =&gt;  ninja.AssetsController::serveStatic
21:17:53.703 [main] INFO  ninja.RouterImpl - GET  /.*                                =&gt;  controllers.ApplicationController::index
21:17:53.703 [main] INFO  ninja.NinjaDefault - 
 _______  .___ _______        ____.  _____   
 \      \ |   |\      \      |    | /  _  \  
 /   |   \|   |/   |   \     |    |/  /_\  \ 
/    |    \   /    |    \/\__|    /    |    \  http://www.ninjaframework.org
\____|__  /___\____|__  /\________\____|__  /  @ninjaframework
     web\/framework   \/                  \/   6.5.0

21:17:53.704 [main] INFO  ninja.lifecycle.LifecycleServiceImpl - Starting Ninja application...
21:17:53.705 [main] INFO  n.migrations.MigrationEngineProvider - Using ninja.migrations.flyway.MigrationEngineFlyway as default implementation for ninja.migrations.MigrationEngine
21:17:53.706 [main] WARN  org.flywaydb.core.Flyway - Direct configuration of the Flyway object has been deprecated and will be removed in Flyway 6.0. Use Flyway.configure() instead.
</system-out>
    <system-err>Aug 07, 2020 9:17:53 PM com.google.inject.servlet.GuiceFilter setPipeline
WARNING: Multiple Servlet injectors detected. This is a warning indicating that you have more than one GuiceFilter running in your web application. If this is deliberate, you may safely ignore this message. If this is NOT deliberate however, your application may not work as expected.
</system-err>
  </testcase>
  <testcase classname="controllers.ApiControllerTest" name="testGetAndPostArticleViaXml" time="2.163">
    <error type="java.lang.NullPointerException">java.lang.NullPointerException
	at ninja.NinjaTest.shutdownServerAndBrowser(NinjaTest.java:85)
	at sun.reflect.NativeMethodAccessorImpl.invoke0(Native Method)
	at sun.reflect.NativeMethodAccessorImpl.invoke(NativeMethodAccessorImpl.java:62)
	at sun.reflect.DelegatingMethodAccessorImpl.invoke(DelegatingMethodAccessorImpl.java:43)
	at java.lang.reflect.Method.invoke(Method.java:498)
	at org.junit.runners.model.FrameworkMethod$1.runReflectiveCall(FrameworkMethod.java:50)
	at org.junit.internal.runners.model.ReflectiveCallable.run(ReflectiveCallable.java:12)
	at org.junit.runners.model.FrameworkMethod.invokeExplosively(FrameworkMethod.java:47)
	at org.junit.internal.runners.statements.RunAfters.evaluate(RunAfters.java:33)
	at org.junit.runners.ParentRunner.runLeaf(ParentRunner.java:325)
	at org.junit.runners.BlockJUnit4ClassRunner.runChild(BlockJUnit4ClassRunner.java:78)
	at org.junit.runners.BlockJUnit4ClassRunner.runChild(BlockJUnit4ClassRunner.java:57)
	at org.junit.runners.ParentRunner$3.run(ParentRunner.java:290)
	at org.junit.runners.ParentRunner$1.schedule(ParentRunner.java:71)
	at org.junit.runners.ParentRunner.runChildren(ParentRunner.java:288)
	at org.junit.runners.ParentRunner.access$000(ParentRunner.java:58)
	at org.junit.runners.ParentRunner$2.evaluate(ParentRunner.java:268)
	at org.junit.runners.ParentRunner.run(ParentRunner.java:363)
	at org.apache.maven.surefire.junit4.JUnit4Provider.execute(JUnit4Provider.java:252)
	at org.apache.maven.surefire.junit4.JUnit4Provider.executeTestSet(JUnit4Provider.java:141)
	at org.apache.maven.surefire.junit4.JUnit4Provider.invoke(JUnit4Provider.java:112)
	at sun.reflect.NativeMethodAccessorImpl.invoke0(Native Method)
	at sun.reflect.NativeMethodAccessorImpl.invoke(NativeMethodAccessorImpl.java:62)
	at sun.reflect.DelegatingMethodAccessorImpl.invoke(DelegatingMethodAccessorImpl.java:43)
	at java.lang.reflect.Method.invoke(Method.java:498)
	at org.apache.maven.surefire.util.ReflectionUtils.invokeMethodWithArray(ReflectionUtils.java:189)
	at org.apache.maven.surefire.booter.ProviderFactory$ProviderProxy.invoke(ProviderFactory.java:165)
	at org.apache.maven.surefire.booter.ProviderFactory.invokeProvider(ProviderFactory.java:85)
	at org.apache.maven.surefire.booter.ForkedBooter.runSuitesInProcess(ForkedBooter.java:115)
	at org.apache.maven.surefire.booter.ForkedBooter.main(ForkedBooter.java:75)
</error>
  </testcase>
  <testcase classname="controllers.ApiControllerTest" name="testGetAndPostArticleViaJson" time="2.15">
    <error message="ninja.lifecycle.FailedStartException: org.flywaydb.core.internal.exception.FlywaySqlException: 
Unable to obtain connection from database (jdbc:mysql://localhost:8081/book_store) for user &apos;root&apos;: Communications link failure

The last packet sent successfully to the server was 0 milliseconds ago. The driver has not received any packets from the server.
-----------------------------------------------------------------------------------------------------------------------------------------------------------------------------------------------------------------------------------------------------------------
SQL State  : 08S01
Error Code : 0
Message    : Communications link failure

The last packet sent successfully to the server was 0 milliseconds ago. The driver has not received any packets from the server.
" type="java.lang.RuntimeException">java.lang.RuntimeException: ninja.lifecycle.FailedStartException: org.flywaydb.core.internal.exception.FlywaySqlException: 
Unable to obtain connection from database (jdbc:mysql://localhost:8081/book_store) for user &apos;root&apos;: Communications link failure

The last packet sent successfully to the server was 0 milliseconds ago. The driver has not received any packets from the server.
-----------------------------------------------------------------------------------------------------------------------------------------------------------------------------------------------------------------------------------------------------------------
SQL State  : 08S01
Error Code : 0
Message    : Communications link failure

The last packet sent successfully to the server was 0 milliseconds ago. The driver has not received any packets from the server.

	at ninja.utils.NinjaTestServer.&lt;init&gt;(NinjaTestServer.java:62)
	at ninja.utils.NinjaTestServer.&lt;init&gt;(NinjaTestServer.java:48)
	at ninja.utils.NinjaTestServer.&lt;init&gt;(NinjaTestServer.java:40)
	at ninja.utils.NinjaTestServer.&lt;init&gt;(NinjaTestServer.java:36)
	at ninja.NinjaTest.startupServerAndBrowser(NinjaTest.java:51)
	at sun.reflect.NativeMethodAccessorImpl.invoke0(Native Method)
	at sun.reflect.NativeMethodAccessorImpl.invoke(NativeMethodAccessorImpl.java:62)
	at sun.reflect.DelegatingMethodAccessorImpl.invoke(DelegatingMethodAccessorImpl.java:43)
	at java.lang.reflect.Method.invoke(Method.java:498)
	at org.junit.runners.model.FrameworkMethod$1.runReflectiveCall(FrameworkMethod.java:50)
	at org.junit.internal.runners.model.ReflectiveCallable.run(ReflectiveCallable.java:12)
	at org.junit.runners.model.FrameworkMethod.invokeExplosively(FrameworkMethod.java:47)
	at org.junit.internal.runners.statements.RunBefores.evaluate(RunBefores.java:24)
	at org.junit.internal.runners.statements.RunAfters.evaluate(RunAfters.java:27)
	at org.junit.runners.ParentRunner.runLeaf(ParentRunner.java:325)
	at org.junit.runners.BlockJUnit4ClassRunner.runChild(BlockJUnit4ClassRunner.java:78)
	at org.junit.runners.BlockJUnit4ClassRunner.runChild(BlockJUnit4ClassRunner.java:57)
	at org.junit.runners.ParentRunner$3.run(ParentRunner.java:290)
	at org.junit.runners.ParentRunner$1.schedule(ParentRunner.java:71)
	at org.junit.runners.ParentRunner.runChildren(ParentRunner.java:288)
	at org.junit.runners.ParentRunner.access$000(ParentRunner.java:58)
	at org.junit.runners.ParentRunner$2.evaluate(ParentRunner.java:268)
	at org.junit.runners.ParentRunner.run(ParentRunner.java:363)
	at org.apache.maven.surefire.junit4.JUnit4Provider.execute(JUnit4Provider.java:252)
	at org.apache.maven.surefire.junit4.JUnit4Provider.executeTestSet(JUnit4Provider.java:141)
	at org.apache.maven.surefire.junit4.JUnit4Provider.invoke(JUnit4Provider.java:112)
	at sun.reflect.NativeMethodAccessorImpl.invoke0(Native Method)
	at sun.reflect.NativeMethodAccessorImpl.invoke(NativeMethodAccessorImpl.java:62)
	at sun.reflect.DelegatingMethodAccessorImpl.invoke(DelegatingMethodAccessorImpl.java:43)
	at java.lang.reflect.Method.invoke(Method.java:498)
	at org.apache.maven.surefire.util.ReflectionUtils.invokeMethodWithArray(ReflectionUtils.java:189)
	at org.apache.maven.surefire.booter.ProviderFactory$ProviderProxy.invoke(ProviderFactory.java:165)
	at org.apache.maven.surefire.booter.ProviderFactory.invokeProvider(ProviderFactory.java:85)
	at org.apache.maven.surefire.booter.ForkedBooter.runSuitesInProcess(ForkedBooter.java:115)
	at org.apache.maven.surefire.booter.ForkedBooter.main(ForkedBooter.java:75)
Caused by: ninja.lifecycle.FailedStartException: org.flywaydb.core.internal.exception.FlywaySqlException: 
Unable to obtain connection from database (jdbc:mysql://localhost:8081/book_store) for user &apos;root&apos;: Communications link failure

The last packet sent successfully to the server was 0 milliseconds ago. The driver has not received any packets from the server.
-----------------------------------------------------------------------------------------------------------------------------------------------------------------------------------------------------------------------------------------------------------------
SQL State  : 08S01
Error Code : 0
Message    : Communications link failure

The last packet sent successfully to the server was 0 milliseconds ago. The driver has not received any packets from the server.

	at ninja.lifecycle.LifecycleRegister.invokeTarget(LifecycleRegister.java:103)
	at ninja.lifecycle.LifecycleRegister.start(LifecycleRegister.java:55)
	at ninja.lifecycle.LifecycleServiceImpl.start(LifecycleServiceImpl.java:84)
	at ninja.NinjaDefault.onFrameworkStart(NinjaDefault.java:151)
	at ninja.Bootstrap.boot(Bootstrap.java:119)
	at ninja.servlet.NinjaServletListener.createNinjaBootstrap(NinjaServletListener.java:152)
	at ninja.servlet.NinjaServletListener.getInjector(NinjaServletListener.java:123)
	at com.google.inject.servlet.GuiceServletContextListener.contextInitialized(GuiceServletContextListener.java:45)
	at ninja.servlet.NinjaServletListener.contextInitialized(NinjaServletListener.java:75)
	at org.eclipse.jetty.server.handler.ContextHandler.callContextInitialized(ContextHandler.java:957)
	at org.eclipse.jetty.servlet.ServletContextHandler.callContextInitialized(ServletContextHandler.java:553)
	at org.eclipse.jetty.server.handler.ContextHandler.startContext(ContextHandler.java:922)
	at org.eclipse.jetty.servlet.ServletContextHandler.startContext(ServletContextHandler.java:365)
	at org.eclipse.jetty.server.handler.ContextHandler.doStart(ContextHandler.java:852)
	at org.eclipse.jetty.servlet.ServletContextHandler.doStart(ServletContextHandler.java:278)
	at org.eclipse.jetty.util.component.AbstractLifeCycle.start(AbstractLifeCycle.java:68)
	at org.eclipse.jetty.util.component.ContainerLifeCycle.start(ContainerLifeCycle.java:167)
	at org.eclipse.jetty.server.Server.start(Server.java:418)
	at org.eclipse.jetty.util.component.ContainerLifeCycle.doStart(ContainerLifeCycle.java:110)
	at org.eclipse.jetty.server.handler.AbstractHandler.doStart(AbstractHandler.java:113)
	at org.eclipse.jetty.server.Server.doStart(Server.java:382)
	at org.eclipse.jetty.util.component.AbstractLifeCycle.start(AbstractLifeCycle.java:68)
	at ninja.standalone.NinjaJetty.doStart(NinjaJetty.java:167)
	at ninja.standalone.AbstractConsole.start(AbstractConsole.java:77)
	at ninja.standalone.AbstractConsole.start(AbstractConsole.java:31)
	at ninja.utils.NinjaTestServer.&lt;init&gt;(NinjaTestServer.java:60)
	... 34 more
Caused by: org.flywaydb.core.internal.exception.FlywaySqlException: 
Unable to obtain connection from database (jdbc:mysql://localhost:8081/book_store) for user &apos;root&apos;: Communications link failure

The last packet sent successfully to the server was 0 milliseconds ago. The driver has not received any packets from the server.
-----------------------------------------------------------------------------------------------------------------------------------------------------------------------------------------------------------------------------------------------------------------
SQL State  : 08S01
Error Code : 0
Message    : Communications link failure

The last packet sent successfully to the server was 0 milliseconds ago. The driver has not received any packets from the server.

	at org.flywaydb.core.internal.jdbc.JdbcUtils.openConnection(JdbcUtils.java:60)
	at org.flywaydb.core.internal.database.DatabaseFactory.createDatabase(DatabaseFactory.java:72)
	at org.flywaydb.core.Flyway.execute(Flyway.java:1670)
	at org.flywaydb.core.Flyway.clean(Flyway.java:1499)
	at ninja.migrations.flyway.MigrationEngineFlyway.migrate(MigrationEngineFlyway.java:54)
	at ninja.migrations.MigrationInitializer.start(MigrationInitializer.java:59)
	at sun.reflect.NativeMethodAccessorImpl.invoke0(Native Method)
	at sun.reflect.NativeMethodAccessorImpl.invoke(NativeMethodAccessorImpl.java:62)
	at sun.reflect.DelegatingMethodAccessorImpl.invoke(DelegatingMethodAccessorImpl.java:43)
	at java.lang.reflect.Method.invoke(Method.java:498)
	at ninja.lifecycle.LifecycleRegister.invokeTarget(LifecycleRegister.java:96)
	... 59 more
Caused by: com.mysql.cj.jdbc.exceptions.CommunicationsException: Communications link failure

The last packet sent successfully to the server was 0 milliseconds ago. The driver has not received any packets from the server.
	at com.mysql.cj.jdbc.exceptions.SQLError.createCommunicationsException(SQLError.java:174)
	at com.mysql.cj.jdbc.exceptions.SQLExceptionsMapping.translateException(SQLExceptionsMapping.java:64)
	at com.mysql.cj.jdbc.ConnectionImpl.createNewIO(ConnectionImpl.java:827)
	at com.mysql.cj.jdbc.ConnectionImpl.&lt;init&gt;(ConnectionImpl.java:447)
	at com.mysql.cj.jdbc.ConnectionImpl.getInstance(ConnectionImpl.java:237)
	at com.mysql.cj.jdbc.NonRegisteringDriver.connect(NonRegisteringDriver.java:199)
	at org.flywaydb.core.internal.jdbc.DriverDataSource.getConnectionFromDriver(DriverDataSource.java:433)
	at org.flywaydb.core.internal.jdbc.DriverDataSource.getConnection(DriverDataSource.java:399)
	at org.flywaydb.core.internal.jdbc.JdbcUtils.openConnection(JdbcUtils.java:56)
	... 69 more
Caused by: com.mysql.cj.exceptions.CJCommunicationsException: Communications link failure

The last packet sent successfully to the server was 0 milliseconds ago. The driver has not received any packets from the server.
	at sun.reflect.NativeConstructorAccessorImpl.newInstance0(Native Method)
	at sun.reflect.NativeConstructorAccessorImpl.newInstance(NativeConstructorAccessorImpl.java:62)
	at sun.reflect.DelegatingConstructorAccessorImpl.newInstance(DelegatingConstructorAccessorImpl.java:45)
	at java.lang.reflect.Constructor.newInstance(Constructor.java:423)
	at com.mysql.cj.exceptions.ExceptionFactory.createException(ExceptionFactory.java:61)
	at com.mysql.cj.exceptions.ExceptionFactory.createException(ExceptionFactory.java:105)
	at com.mysql.cj.exceptions.ExceptionFactory.createException(ExceptionFactory.java:151)
	at com.mysql.cj.exceptions.ExceptionFactory.createCommunicationsException(ExceptionFactory.java:167)
	at com.mysql.cj.protocol.a.NativeSocketConnection.connect(NativeSocketConnection.java:91)
	at com.mysql.cj.NativeSession.connect(NativeSession.java:150)
	at com.mysql.cj.jdbc.ConnectionImpl.connectOneTryOnly(ConnectionImpl.java:947)
	at com.mysql.cj.jdbc.ConnectionImpl.createNewIO(ConnectionImpl.java:817)
	... 75 more
Caused by: java.net.ConnectException: Connection refused: connect
	at java.net.DualStackPlainSocketImpl.connect0(Native Method)
	at java.net.DualStackPlainSocketImpl.socketConnect(DualStackPlainSocketImpl.java:79)
	at java.net.AbstractPlainSocketImpl.doConnect(AbstractPlainSocketImpl.java:350)
	at java.net.AbstractPlainSocketImpl.connectToAddress(AbstractPlainSocketImpl.java:206)
	at java.net.AbstractPlainSocketImpl.connect(AbstractPlainSocketImpl.java:188)
	at java.net.PlainSocketImpl.connect(PlainSocketImpl.java:172)
	at java.net.SocksSocketImpl.connect(SocksSocketImpl.java:392)
	at java.net.Socket.connect(Socket.java:589)
	at com.mysql.cj.protocol.StandardSocketFactory.connect(StandardSocketFactory.java:155)
	at com.mysql.cj.protocol.a.NativeSocketConnection.connect(NativeSocketConnection.java:65)
	... 78 more
</error>
    <system-out>21:17:55.717 [main] INFO  ninja.utils.NinjaModeHelper - Ninja is running in mode prod
21:17:55.725 [main] WARN  o.e.j.server.handler.ContextHandler - Empty contextPath
21:17:55.727 [main] INFO  ninja.standalone.NinjaJetty - Trying to start jetty v9.4.18.v20190429 on &lt;all&gt;:1000, 8443/ssl
21:17:55.728 [main] INFO  org.eclipse.jetty.server.Server - jetty-9.4.18.v20190429; built: 2019-04-29T20:42:08.989Z; git: e1bc35120a6617ee3df052294e433f3a25ce7097; jvm 1.8.0_181-b13
21:17:55.731 [main] INFO  ninja.servlet.NinjaServletListener - Using JSR-356 websocket container ServerContainer@69ca48bf{STARTED}
21:17:55.731 [main] INFO  ninja.Bootstrap - Successfully configured Logback.
21:17:55.732 [main] INFO  ninja.Bootstrap - Enabling Ninja classic configuration
21:17:55.820 [main] INFO  ninja.utils.SwissKnife - Could not load file conf/messages_en.properties (not a bad thing necessarily, but I am returing null)
21:17:55.820 [main] INFO  ninja.i18n.MessagesImpl - Did not find conf/messages_en.properties but it was specified in application.conf. Using default language instead.
21:17:55.823 [main] INFO  n.template.TemplateEngineManagerImpl - -------------------------------------------------------------------
21:17:55.823 [main] INFO  n.template.TemplateEngineManagerImpl - Registered response template engines
21:17:55.824 [main] INFO  n.template.TemplateEngineManagerImpl - -------------------------------------------------------------------
21:17:55.824 [main] INFO  n.template.TemplateEngineManagerImpl - application/javascript  =&gt;  ninja.template.TemplateEngineJsonP
21:17:55.824 [main] INFO  n.template.TemplateEngineManagerImpl - application/json        =&gt;  ninja.template.TemplateEngineJson
21:17:55.824 [main] INFO  n.template.TemplateEngineManagerImpl - application/xml         =&gt;  ninja.template.TemplateEngineXml
21:17:55.824 [main] INFO  n.template.TemplateEngineManagerImpl - text/html               =&gt;  ninja.template.TemplateEngineFreemarker
21:17:55.824 [main] INFO  n.template.TemplateEngineManagerImpl - text/plain              =&gt;  ninja.template.TemplateEngineText
21:17:55.826 [main] INFO  n.b.BodyParserEngineManagerImpl - -------------------------------------------------------------------------------------
21:17:55.826 [main] INFO  n.b.BodyParserEngineManagerImpl - Registered request bodyparser engines
21:17:55.826 [main] INFO  n.b.BodyParserEngineManagerImpl - -------------------------------------------------------------------------------------
21:17:55.826 [main] INFO  n.b.BodyParserEngineManagerImpl - application/json                   =&gt;  ninja.bodyparser.BodyParserEngineJson
21:17:55.826 [main] INFO  n.b.BodyParserEngineManagerImpl - application/x-www-form-urlencoded  =&gt;  ninja.bodyparser.BodyParserEnginePost
21:17:55.826 [main] INFO  n.b.BodyParserEngineManagerImpl - application/xml                    =&gt;  ninja.bodyparser.BodyParserEngineXml
21:17:55.826 [main] INFO  n.b.BodyParserEngineManagerImpl - multipart/form-data                =&gt;  ninja.bodyparser.BodyParserEngineMultipartPost
21:17:55.827 [main] INFO  ninja.Bootstrap - Ninja injector started in 94 ms.
21:17:55.850 [main] INFO  ninja.RouterImpl - ---------------------------------------------------------------------------
21:17:55.850 [main] INFO  ninja.RouterImpl - Registered routes
21:17:55.850 [main] INFO  ninja.RouterImpl - ---------------------------------------------------------------------------
21:17:55.850 [main] INFO  ninja.RouterImpl - GET  /setup                             =&gt;  controllers.ApplicationController::setup
21:17:55.850 [main] INFO  ninja.RouterImpl - GET  /login                             =&gt;  controllers.LoginLogoutController::login
21:17:55.850 [main] INFO  ninja.RouterImpl - POST /login                             =&gt;  controllers.LoginLogoutController::loginPost
21:17:55.850 [main] INFO  ninja.RouterImpl - GET  /logout                            =&gt;  controllers.LoginLogoutController::logout
21:17:55.850 [main] INFO  ninja.RouterImpl - GET  /signup                            =&gt;  controllers.BookController::ssignup
21:17:55.850 [main] INFO  ninja.RouterImpl - POST /signup                            =&gt;  controllers.BookController::signupNew
21:17:55.850 [main] INFO  ninja.RouterImpl - GET  /article/new                       =&gt;  controllers.ArticleController::articleNew
21:17:55.850 [main] INFO  ninja.RouterImpl - POST /article/new                       =&gt;  controllers.BookController::bookNewPost
21:17:55.850 [main] INFO  ninja.RouterImpl - GET  /allbooks                          =&gt;  controllers.BookController::getbooksJson
21:17:55.851 [main] INFO  ninja.RouterImpl - GET  /upload                            =&gt;  controllers.BookController::upload
21:17:55.851 [main] INFO  ninja.RouterImpl - POST /upload                            =&gt;  controllers.BookController::uploadFinish
21:17:55.851 [main] INFO  ninja.RouterImpl - GET  /article/{id}                      =&gt;  controllers.BookController::bookShow
21:17:55.851 [main] INFO  ninja.RouterImpl - GET  /delete/{id}                       =&gt;  controllers.BookController::deleted
21:17:55.851 [main] INFO  ninja.RouterImpl - POST /update/{id}                       =&gt;  controllers.BookController::updatedbook
21:17:55.851 [main] INFO  ninja.RouterImpl - GET  /update/{id}                       =&gt;  controllers.BookController::update
21:17:55.851 [main] INFO  ninja.RouterImpl - GET  /api/{username}/articles.json      =&gt;  controllers.ApiController::getArticlesJson
21:17:55.851 [main] INFO  ninja.RouterImpl - GET  /api/{username}/article/{id}.json  =&gt;  controllers.ApiController::getArticleJson
21:17:55.851 [main] INFO  ninja.RouterImpl - GET  /api/{username}/articles.xml       =&gt;  controllers.ApiController::getArticlesXml
21:17:55.851 [main] INFO  ninja.RouterImpl - POST /api/{username}/article.json       =&gt;  controllers.ApiController::postArticleJson
21:17:55.851 [main] INFO  ninja.RouterImpl - POST /api/{username}/article.xml        =&gt;  controllers.ApiController::postArticleXml
21:17:55.851 [main] INFO  ninja.RouterImpl - GET  /assets/webjars/{fileName: .*}     =&gt;  ninja.AssetsController::serveWebJars
21:17:55.852 [main] INFO  ninja.RouterImpl - GET  /assets/{fileName: .*}             =&gt;  ninja.AssetsController::serveStatic
21:17:55.852 [main] INFO  ninja.RouterImpl - POST /assets/{fileName: .*}             =&gt;  ninja.AssetsController::serveStatic
21:17:55.852 [main] INFO  ninja.RouterImpl - GET  /.*                                =&gt;  controllers.ApplicationController::index
21:17:55.852 [main] INFO  ninja.NinjaDefault - 
 _______  .___ _______        ____.  _____   
 \      \ |   |\      \      |    | /  _  \  
 /   |   \|   |/   |   \     |    |/  /_\  \ 
/    |    \   /    |    \/\__|    /    |    \  http://www.ninjaframework.org
\____|__  /___\____|__  /\________\____|__  /  @ninjaframework
     web\/framework   \/                  \/   6.5.0

21:17:55.853 [main] INFO  ninja.lifecycle.LifecycleServiceImpl - Starting Ninja application...
21:17:55.854 [main] INFO  n.migrations.MigrationEngineProvider - Using ninja.migrations.flyway.MigrationEngineFlyway as default implementation for ninja.migrations.MigrationEngine
21:17:55.854 [main] WARN  org.flywaydb.core.Flyway - Direct configuration of the Flyway object has been deprecated and will be removed in Flyway 6.0. Use Flyway.configure() instead.
</system-out>
    <system-err>Aug 07, 2020 9:17:55 PM com.google.inject.servlet.GuiceFilter setPipeline
WARNING: Multiple Servlet injectors detected. This is a warning indicating that you have more than one GuiceFilter running in your web application. If this is deliberate, you may safely ignore this message. If this is NOT deliberate however, your application may not work as expected.
</system-err>
  </testcase>
  <testcase classname="controllers.ApiControllerTest" name="testGetAndPostArticleViaJson" time="2.151">
    <error type="java.lang.NullPointerException">java.lang.NullPointerException
	at ninja.NinjaTest.shutdownServerAndBrowser(NinjaTest.java:85)
	at sun.reflect.NativeMethodAccessorImpl.invoke0(Native Method)
	at sun.reflect.NativeMethodAccessorImpl.invoke(NativeMethodAccessorImpl.java:62)
	at sun.reflect.DelegatingMethodAccessorImpl.invoke(DelegatingMethodAccessorImpl.java:43)
	at java.lang.reflect.Method.invoke(Method.java:498)
	at org.junit.runners.model.FrameworkMethod$1.runReflectiveCall(FrameworkMethod.java:50)
	at org.junit.internal.runners.model.ReflectiveCallable.run(ReflectiveCallable.java:12)
	at org.junit.runners.model.FrameworkMethod.invokeExplosively(FrameworkMethod.java:47)
	at org.junit.internal.runners.statements.RunAfters.evaluate(RunAfters.java:33)
	at org.junit.runners.ParentRunner.runLeaf(ParentRunner.java:325)
	at org.junit.runners.BlockJUnit4ClassRunner.runChild(BlockJUnit4ClassRunner.java:78)
	at org.junit.runners.BlockJUnit4ClassRunner.runChild(BlockJUnit4ClassRunner.java:57)
	at org.junit.runners.ParentRunner$3.run(ParentRunner.java:290)
	at org.junit.runners.ParentRunner$1.schedule(ParentRunner.java:71)
	at org.junit.runners.ParentRunner.runChildren(ParentRunner.java:288)
	at org.junit.runners.ParentRunner.access$000(ParentRunner.java:58)
	at org.junit.runners.ParentRunner$2.evaluate(ParentRunner.java:268)
	at org.junit.runners.ParentRunner.run(ParentRunner.java:363)
	at org.apache.maven.surefire.junit4.JUnit4Provider.execute(JUnit4Provider.java:252)
	at org.apache.maven.surefire.junit4.JUnit4Provider.executeTestSet(JUnit4Provider.java:141)
	at org.apache.maven.surefire.junit4.JUnit4Provider.invoke(JUnit4Provider.java:112)
	at sun.reflect.NativeMethodAccessorImpl.invoke0(Native Method)
	at sun.reflect.NativeMethodAccessorImpl.invoke(NativeMethodAccessorImpl.java:62)
	at sun.reflect.DelegatingMethodAccessorImpl.invoke(DelegatingMethodAccessorImpl.java:43)
	at java.lang.reflect.Method.invoke(Method.java:498)
	at org.apache.maven.surefire.util.ReflectionUtils.invokeMethodWithArray(ReflectionUtils.java:189)
	at org.apache.maven.surefire.booter.ProviderFactory$ProviderProxy.invoke(ProviderFactory.java:165)
	at org.apache.maven.surefire.booter.ProviderFactory.invokeProvider(ProviderFactory.java:85)
	at org.apache.maven.surefire.booter.ForkedBooter.runSuitesInProcess(ForkedBooter.java:115)
	at org.apache.maven.surefire.booter.ForkedBooter.main(ForkedBooter.java:75)
</error>
  </testcase>
</testsuite>